<?xml version="1.0" encoding="UTF-8"?>
<!-- Generated by org.testng.reporters.JUnitXMLReporter -->
<testsuite ignored="0" hostname="LAPTOP-A95BR07E" failures="0" tests="9" name="ChromeTest" time="7.749" errors="0" timestamp="2023-07-23T17:37:13 IST">
  <testcase classname="testCase.Login" name="clickMyAccount" time="0.16"/>
  <testcase classname="testCase.Login" name="ClickOnTheLoginLink" time="0.46"/>
  <testcase classname="testCase.Login" name="EnterTheEmailID" time="0.169"/>
  <testcase classname="testCase.Login" name="EmailIsDisplayed" time="0.061"/>
  <testcase classname="testCase.Login" name="EmailIsEnable" time="0.041"/>
  <testcase classname="testCase.Login" name="EmailIsSelected" time="0.037"/>
  <testcase classname="testCase.Login" name="EnterThePassword" time="0.097"/>
  <testcase classname="testCase.Login" name="ClickOnLoginButton" time="0.095"/>
  <testcase classname="testCase.Login" name="verifyMyAccount" time="0.573"/>
</testsuite> <!-- ChromeTest -->
