<?xml version="1.0" encoding="UTF-8"?>
<!-- Generated by org.testng.reporters.JUnitXMLReporter -->
<testsuite ignored="0" hostname="LAPTOP-A95BR07E" failures="0" tests="8" name="EdgeTest" time="6.084" errors="0" timestamp="2023-07-02T00:42:04 IST">
  <testcase classname="testCase.Login" name="clickMyAccount" time="0.14"/>
  <testcase classname="testCase.Login" name="ClickOnTheLoginLink" time="0.59"/>
  <testcase classname="testCase.Login" name="EnterTheEmailID" time="0.221"/>
  <testcase classname="testCase.Login" name="EmailIsDisplayed" time="0.056"/>
  <testcase classname="testCase.Login" name="EmailIsEnabled" time="0.023"/>
  <testcase classname="testCase.Login" name="EmailIsSelected" time="0.051"/>
  <testcase classname="testCase.Login" name="EnterThePassword" time="0.116"/>
  <testcase classname="testCase.Login" name="ClickOnLoginButton" time="0.139"/>
</testsuite> <!-- EdgeTest -->
