<?xml version="1.0" encoding="UTF-8"?>
<!-- Generated by org.testng.reporters.JUnitXMLReporter -->
<testsuite ignored="0" hostname="LAPTOP-A95BR07E" failures="0" tests="7" name="Test" time="9.637" errors="0" timestamp="2023-09-08T22:19:38 IST">
  <testcase classname="testCase.AccountRegistration" name="clickMyAcc" time="2.159"/>
  <testcase classname="testCase.AccountRegistration" name="clickRegistrationButton" time="0.654"/>
  <testcase classname="testCase.AccountRegistration" name="EnterFirstName" time="0.156"/>
  <testcase classname="testCase.AccountRegistration" name="EnterLastName" time="0.116"/>
  <testcase classname="testCase.AccountRegistration" name="ClickPolicyButton" time="0.107"/>
  <testcase classname="testCase.AccountRegistration" name="EnterEmail" time="0.136"/>
  <testcase classname="testCase.AccountRegistration" name="EnterPassword" time="0.117"/>
</testsuite> <!-- Test -->
