<?xml version="1.0" encoding="UTF-8"?>
<!-- Generated by org.testng.reporters.JUnitXMLReporter -->
<testsuite ignored="0" hostname="LAPTOP-A95BR07E" failures="0" tests="8" name="Test1" time="5.969" errors="0" timestamp="2023-07-02T00:40:38 IST">
  <testcase classname="testCase.Login" name="clickMyAccount" time="0.208"/>
  <testcase classname="testCase.Login" name="ClickOnTheLoginLink" time="0.486"/>
  <testcase classname="testCase.Login" name="EnterTheEmailID" time="0.187"/>
  <testcase classname="testCase.Login" name="EmailIsDisplayed" time="0.057"/>
  <testcase classname="testCase.Login" name="EmailIsEnabled" time="0.043"/>
  <testcase classname="testCase.Login" name="EmailIsSelected" time="0.039"/>
  <testcase classname="testCase.Login" name="EnterThePassword" time="0.118"/>
  <testcase classname="testCase.Login" name="ClickOnLoginButton" time="0.099"/>
</testsuite> <!-- Test1 -->
