<?xml version="1.0" encoding="UTF-8"?>
<!-- Generated by org.testng.reporters.JUnitXMLReporter -->
<testsuite ignored="0" hostname="LAPTOP-A95BR07E" failures="0" tests="9" name="ChromeTest" time="8.421" errors="0" timestamp="2023-07-04T23:39:39 IST">
  <testcase classname="testCase.Login" name="clickMyAccount" time="0.14"/>
  <testcase classname="testCase.Login" name="ClickOnTheLoginLink" time="0.415"/>
  <testcase classname="testCase.Login" name="EnterTheEmailID" time="0.165"/>
  <testcase classname="testCase.Login" name="EmailIsDisplayed" time="0.051"/>
  <testcase classname="testCase.Login" name="EmailIsEnabled" time="0.031"/>
  <testcase classname="testCase.Login" name="EmailIsSelected" time="0.033"/>
  <testcase classname="testCase.Login" name="EnterThePassword" time="0.104"/>
  <testcase classname="testCase.Login" name="ClickOnLoginButton" time="0.088"/>
  <testcase classname="testCase.Login" name="verifyMyAccount" time="0.476"/>
</testsuite> <!-- ChromeTest -->
