<?xml version="1.0" encoding="UTF-8"?>
<!-- Generated by org.testng.reporters.JUnitXMLReporter -->
<testsuite ignored="0" hostname="LAPTOP-A95BR07E" failures="0" tests="9" name="ChromeTest" time="8.18" errors="0" timestamp="2023-07-06T22:59:41 IST">
  <testcase classname="testCase.Login" name="clickMyAccount" time="0.162"/>
  <testcase classname="testCase.Login" name="ClickOnTheLoginLink" time="0.506"/>
  <testcase classname="testCase.Login" name="EnterTheEmailID" time="0.152"/>
  <testcase classname="testCase.Login" name="EmailIsDisplayed" time="0.064"/>
  <testcase classname="testCase.Login" name="EmailIsEnabled" time="0.038"/>
  <testcase classname="testCase.Login" name="EmailIsSelected" time="0.036"/>
  <testcase classname="testCase.Login" name="EnterThePassword" time="0.09"/>
  <testcase classname="testCase.Login" name="ClickOnLoginButton" time="0.086"/>
  <testcase classname="testCase.Login" name="verifyMyAccount" time="0.565"/>
</testsuite> <!-- ChromeTest -->
