<?xml version="1.0" encoding="UTF-8"?>
<testng-results ignored="0" total="9" passed="9" failed="0" skipped="0">
  <reporter-output>
  </reporter-output>
  <suite started-at="2023-07-04T23:39:30 IST" name="Suite" finished-at="2023-07-04T23:39:39 IST" duration-ms="8421">
    <groups>
    </groups>
    <test started-at="2023-07-04T23:39:30 IST" name="ChromeTest" finished-at="2023-07-04T23:39:39 IST" duration-ms="8421">
      <class name="testCase.Login">
        <test-method is-config="true" signature="setup(java.lang.String)[pri:0, instance:testCase.Login@56528192]" started-at="2023-07-04T23:39:31 IST" name="setup" finished-at="2023-07-04T23:39:37 IST" duration-ms="6384" status="PASS">
          <params>
            <param index="0">
              <value>
                <![CDATA[chrome]]>
              </value>
            </param>
          </params>
          <reporter-output>
          </reporter-output>
        </test-method> <!-- setup -->
        <test-method signature="clickMyAccount()[pri:1, instance:testCase.Login@56528192]" started-at="2023-07-04T23:39:37 IST" name="clickMyAccount" finished-at="2023-07-04T23:39:37 IST" duration-ms="140" status="PASS">
          <reporter-output>
          </reporter-output>
        </test-method> <!-- clickMyAccount -->
        <test-method signature="ClickOnTheLoginLink()[pri:2, instance:testCase.Login@56528192]" started-at="2023-07-04T23:39:37 IST" name="ClickOnTheLoginLink" finished-at="2023-07-04T23:39:37 IST" duration-ms="415" status="PASS">
          <reporter-output>
          </reporter-output>
        </test-method> <!-- ClickOnTheLoginLink -->
        <test-method signature="EnterTheEmailID()[pri:3, instance:testCase.Login@56528192]" started-at="2023-07-04T23:39:37 IST" name="EnterTheEmailID" finished-at="2023-07-04T23:39:38 IST" duration-ms="165" status="PASS">
          <reporter-output>
          </reporter-output>
        </test-method> <!-- EnterTheEmailID -->
        <test-method signature="EmailIsDisplayed()[pri:4, instance:testCase.Login@56528192]" started-at="2023-07-04T23:39:38 IST" name="EmailIsDisplayed" finished-at="2023-07-04T23:39:38 IST" duration-ms="51" status="PASS">
          <reporter-output>
          </reporter-output>
        </test-method> <!-- EmailIsDisplayed -->
        <test-method signature="EmailIsEnabled()[pri:5, instance:testCase.Login@56528192]" started-at="2023-07-04T23:39:38 IST" name="EmailIsEnabled" finished-at="2023-07-04T23:39:38 IST" duration-ms="31" status="PASS">
          <reporter-output>
          </reporter-output>
        </test-method> <!-- EmailIsEnabled -->
        <test-method signature="EmailIsSelected()[pri:6, instance:testCase.Login@56528192]" started-at="2023-07-04T23:39:38 IST" name="EmailIsSelected" finished-at="2023-07-04T23:39:38 IST" duration-ms="33" status="PASS">
          <reporter-output>
          </reporter-output>
        </test-method> <!-- EmailIsSelected -->
        <test-method signature="EnterThePassword()[pri:7, instance:testCase.Login@56528192]" started-at="2023-07-04T23:39:38 IST" name="EnterThePassword" finished-at="2023-07-04T23:39:38 IST" duration-ms="104" status="PASS">
          <reporter-output>
          </reporter-output>
        </test-method> <!-- EnterThePassword -->
        <test-method signature="ClickOnLoginButton()[pri:8, instance:testCase.Login@56528192]" started-at="2023-07-04T23:39:38 IST" name="ClickOnLoginButton" finished-at="2023-07-04T23:39:38 IST" duration-ms="88" status="PASS">
          <reporter-output>
          </reporter-output>
        </test-method> <!-- ClickOnLoginButton -->
        <test-method signature="verifyMyAccount()[pri:9, instance:testCase.Login@56528192]" started-at="2023-07-04T23:39:38 IST" name="verifyMyAccount" finished-at="2023-07-04T23:39:38 IST" duration-ms="476" status="PASS">
          <reporter-output>
          </reporter-output>
        </test-method> <!-- verifyMyAccount -->
        <test-method is-config="true" signature="teadDown()[pri:0, instance:testCase.Login@56528192]" started-at="2023-07-04T23:39:38 IST" name="teadDown" finished-at="2023-07-04T23:39:39 IST" duration-ms="181" status="PASS">
          <reporter-output>
          </reporter-output>
        </test-method> <!-- teadDown -->
      </class> <!-- testCase.Login -->
    </test> <!-- ChromeTest -->
  </suite> <!-- Suite -->
</testng-results>
