<?xml version="1.0" encoding="UTF-8"?>
<testng-results ignored="0" total="7" passed="7" failed="0" skipped="0">
  <reporter-output>
  </reporter-output>
  <suite started-at="2023-09-08T22:19:29 IST" name="Suite" finished-at="2023-09-08T22:19:38 IST" duration-ms="9637">
    <groups>
    </groups>
    <test started-at="2023-09-08T22:19:29 IST" name="Test" finished-at="2023-09-08T22:19:38 IST" duration-ms="9637">
      <class name="testCase.AccountRegistration">
        <test-method is-config="true" signature="setup(java.lang.String)[pri:0, instance:testCase.AccountRegistration@233795b6]" started-at="2023-09-08T22:19:29 IST" name="setup" finished-at="2023-09-08T22:19:34 IST" duration-ms="5868" status="PASS">
          <params>
            <param index="0">
              <value>
                <![CDATA[chrome]]>
              </value>
            </param>
          </params>
          <reporter-output>
          </reporter-output>
        </test-method> <!-- setup -->
        <test-method signature="clickMyAcc()[pri:1, instance:testCase.AccountRegistration@233795b6]" started-at="2023-09-08T22:19:34 IST" name="clickMyAcc" finished-at="2023-09-08T22:19:37 IST" duration-ms="2159" status="PASS">
          <reporter-output>
          </reporter-output>
        </test-method> <!-- clickMyAcc -->
        <test-method signature="clickRegistrationButton()[pri:2, instance:testCase.AccountRegistration@233795b6]" started-at="2023-09-08T22:19:37 IST" name="clickRegistrationButton" finished-at="2023-09-08T22:19:37 IST" duration-ms="654" status="PASS">
          <reporter-output>
          </reporter-output>
        </test-method> <!-- clickRegistrationButton -->
        <test-method signature="EnterFirstName()[pri:3, instance:testCase.AccountRegistration@233795b6]" started-at="2023-09-08T22:19:37 IST" name="EnterFirstName" finished-at="2023-09-08T22:19:37 IST" duration-ms="156" status="PASS">
          <reporter-output>
          </reporter-output>
        </test-method> <!-- EnterFirstName -->
        <test-method signature="EnterLastName()[pri:4, instance:testCase.AccountRegistration@233795b6]" started-at="2023-09-08T22:19:37 IST" name="EnterLastName" finished-at="2023-09-08T22:19:38 IST" duration-ms="116" status="PASS">
          <reporter-output>
          </reporter-output>
        </test-method> <!-- EnterLastName -->
        <test-method signature="ClickPolicyButton()[pri:5, instance:testCase.AccountRegistration@233795b6]" started-at="2023-09-08T22:19:38 IST" name="ClickPolicyButton" finished-at="2023-09-08T22:19:38 IST" duration-ms="107" status="PASS">
          <reporter-output>
          </reporter-output>
        </test-method> <!-- ClickPolicyButton -->
        <test-method signature="EnterEmail()[pri:5, instance:testCase.AccountRegistration@233795b6]" started-at="2023-09-08T22:19:38 IST" name="EnterEmail" finished-at="2023-09-08T22:19:38 IST" duration-ms="136" status="PASS">
          <reporter-output>
          </reporter-output>
        </test-method> <!-- EnterEmail -->
        <test-method signature="EnterPassword()[pri:5, instance:testCase.AccountRegistration@233795b6]" started-at="2023-09-08T22:19:38 IST" name="EnterPassword" finished-at="2023-09-08T22:19:38 IST" duration-ms="117" status="PASS">
          <reporter-output>
          </reporter-output>
        </test-method> <!-- EnterPassword -->
        <test-method is-config="true" signature="teadDown()[pri:0, instance:testCase.AccountRegistration@233795b6]" started-at="2023-09-08T22:19:38 IST" name="teadDown" finished-at="2023-09-08T22:19:38 IST" duration-ms="254" status="PASS">
          <reporter-output>
          </reporter-output>
        </test-method> <!-- teadDown -->
      </class> <!-- testCase.AccountRegistration -->
    </test> <!-- Test -->
  </suite> <!-- Suite -->
</testng-results>
