<?xml version="1.0" encoding="UTF-8"?>
<testng-results ignored="0" total="9" passed="9" failed="0" skipped="0">
  <reporter-output>
  </reporter-output>
  <suite started-at="2023-07-23T17:37:05 IST" name="Suite" finished-at="2023-07-23T17:37:13 IST" duration-ms="7749">
    <groups>
    </groups>
    <test started-at="2023-07-23T17:37:05 IST" name="ChromeTest" finished-at="2023-07-23T17:37:13 IST" duration-ms="7749">
      <class name="testCase.Login">
        <test-method is-config="true" signature="setup(java.lang.String)[pri:0, instance:testCase.Login@4d1c00d0]" started-at="2023-07-23T17:37:05 IST" name="setup" finished-at="2023-07-23T17:37:11 IST" duration-ms="5394" status="PASS">
          <params>
            <param index="0">
              <value>
                <![CDATA[chrome]]>
              </value>
            </param>
          </params>
          <reporter-output>
          </reporter-output>
        </test-method> <!-- setup -->
        <test-method signature="clickMyAccount()[pri:1, instance:testCase.Login@4d1c00d0]" started-at="2023-07-23T17:37:11 IST" name="clickMyAccount" finished-at="2023-07-23T17:37:11 IST" duration-ms="160" status="PASS">
          <reporter-output>
          </reporter-output>
        </test-method> <!-- clickMyAccount -->
        <test-method signature="ClickOnTheLoginLink()[pri:2, instance:testCase.Login@4d1c00d0]" started-at="2023-07-23T17:37:11 IST" name="ClickOnTheLoginLink" finished-at="2023-07-23T17:37:11 IST" duration-ms="460" status="PASS">
          <reporter-output>
          </reporter-output>
        </test-method> <!-- ClickOnTheLoginLink -->
        <test-method signature="EnterTheEmailID()[pri:3, instance:testCase.Login@4d1c00d0]" started-at="2023-07-23T17:37:11 IST" name="EnterTheEmailID" finished-at="2023-07-23T17:37:11 IST" duration-ms="169" status="PASS">
          <reporter-output>
          </reporter-output>
        </test-method> <!-- EnterTheEmailID -->
        <test-method signature="EmailIsDisplayed()[pri:4, instance:testCase.Login@4d1c00d0]" started-at="2023-07-23T17:37:11 IST" name="EmailIsDisplayed" finished-at="2023-07-23T17:37:12 IST" duration-ms="61" status="PASS">
          <reporter-output>
          </reporter-output>
        </test-method> <!-- EmailIsDisplayed -->
        <test-method signature="EmailIsEnable()[pri:5, instance:testCase.Login@4d1c00d0]" started-at="2023-07-23T17:37:12 IST" name="EmailIsEnable" finished-at="2023-07-23T17:37:12 IST" duration-ms="41" status="PASS">
          <reporter-output>
          </reporter-output>
        </test-method> <!-- EmailIsEnable -->
        <test-method signature="EmailIsSelected()[pri:6, instance:testCase.Login@4d1c00d0]" started-at="2023-07-23T17:37:12 IST" name="EmailIsSelected" finished-at="2023-07-23T17:37:12 IST" duration-ms="37" status="PASS">
          <reporter-output>
          </reporter-output>
        </test-method> <!-- EmailIsSelected -->
        <test-method signature="EnterThePassword()[pri:7, instance:testCase.Login@4d1c00d0]" started-at="2023-07-23T17:37:12 IST" name="EnterThePassword" finished-at="2023-07-23T17:37:12 IST" duration-ms="97" status="PASS">
          <reporter-output>
          </reporter-output>
        </test-method> <!-- EnterThePassword -->
        <test-method signature="ClickOnLoginButton()[pri:8, instance:testCase.Login@4d1c00d0]" started-at="2023-07-23T17:37:12 IST" name="ClickOnLoginButton" finished-at="2023-07-23T17:37:12 IST" duration-ms="95" status="PASS">
          <reporter-output>
          </reporter-output>
        </test-method> <!-- ClickOnLoginButton -->
        <test-method signature="verifyMyAccount()[pri:9, instance:testCase.Login@4d1c00d0]" started-at="2023-07-23T17:37:12 IST" name="verifyMyAccount" finished-at="2023-07-23T17:37:12 IST" duration-ms="573" status="PASS">
          <reporter-output>
          </reporter-output>
        </test-method> <!-- verifyMyAccount -->
        <test-method is-config="true" signature="teadDown()[pri:0, instance:testCase.Login@4d1c00d0]" started-at="2023-07-23T17:37:12 IST" name="teadDown" finished-at="2023-07-23T17:37:13 IST" duration-ms="207" status="PASS">
          <reporter-output>
          </reporter-output>
        </test-method> <!-- teadDown -->
      </class> <!-- testCase.Login -->
    </test> <!-- ChromeTest -->
  </suite> <!-- Suite -->
</testng-results>
